<?xml version="1.0" encoding="UTF-8"?>
<!-- Generated by org.testng.reporters.JUnitReportReporter -->
<testsuite hostname="DESKTOP-IP2C3ML" failures="0" tests="1" name="petstore.api.test.UserTests" time="2.701" errors="0" timestamp="2025-02-06T20:08:08 IST" skipped="0">
  <testcase classname="petstore.api.test.UserTests" name="test_CreateUser" time="2.701"/>
</testsuite> <!-- petstore.api.test.UserTests -->
